[debug] [2021-10-16T22:51:00.998Z] ----------------------------------------------------------------------
[debug] [2021-10-16T22:51:01.001Z] Command:       C:\Program Files\nodejs\node.exe C:\Users\Jelena\AppData\Roaming\npm\node_modules\firebase-tools\lib\bin\firebase.js init
[debug] [2021-10-16T22:51:01.001Z] CLI Version:   9.20.0
[debug] [2021-10-16T22:51:01.001Z] Platform:      win32
[debug] [2021-10-16T22:51:01.002Z] Node Version:  v14.17.3
[debug] [2021-10-16T22:51:01.002Z] Time:          Sun Oct 17 2021 00:51:01 GMT+0200 (Srednjeevropsko letnje vreme)
[debug] [2021-10-16T22:51:01.003Z] ----------------------------------------------------------------------
[debug] 
[debug] [2021-10-16T22:51:01.018Z] > command requires scopes: ["email","openid","https://www.googleapis.com/auth/cloudplatformprojects.readonly","https://www.googleapis.com/auth/firebase","https://www.googleapis.com/auth/cloud-platform"]
[debug] [2021-10-16T22:51:01.018Z] > authorizing via signed-in user (timotijevicvlada@gmail.com)
[info] 
     ######## #### ########  ######## ########     ###     ######  ########
     ##        ##  ##     ## ##       ##     ##  ##   ##  ##       ##
     ######    ##  ########  ######   ########  #########  ######  ######
     ##        ##  ##    ##  ##       ##     ## ##     ##       ## ##
     ##       #### ##     ## ######## ########  ##     ##  ######  ########

You're about to initialize a Firebase project in this directory:

  D:\myProjects\react-todo-app

[info] 
=== Project Setup
[info] 
[info] First, let's associate this project directory with a Firebase project.
[info] You can create multiple project aliases by running firebase use --add, 
[info] but for now we'll just set up a default project.
[info] 
[debug] [2021-10-16T22:55:25.899Z] >>> [apiv2][query] GET https://firebase.googleapis.com/v1beta1/projects pageSize=100
[debug] [2021-10-16T22:55:26.385Z] <<< [apiv2][status] GET https://firebase.googleapis.com/v1beta1/projects 200
[debug] [2021-10-16T22:55:26.385Z] <<< [apiv2][body] GET https://firebase.googleapis.com/v1beta1/projects [omitted]
[info] i  Using project todolist-d5323 (ToDoList) 
[info] 
=== Hosting:github Setup
[info] 
[info] i  Detected a .git folder at D:\myProjects\react-todo-app 
[info] i  Authorizing with GitHub to upload your service account to a GitHub repository's secrets store. 
[info] 
[info] Visit this URL on this device to log in:
[info] https://github.com/login/oauth/authorize?client_id=89cf50f02ac6aaed3484&state=796958805&redirect_uri=http%3A%2F%2Flocalhost%3A9005&scope=read%3Auser%20repo%20public_repo
[info] 
[info] Waiting for authentication...
[debug] [2021-10-16T22:56:50.082Z] >>> HTTP REQUEST POST https://github.com/login/oauth/access_token  
 {"client_id":"89cf50f02ac6aaed3484","client_secret":"3330d14abc895d9a74d5f17cd7a00711fa2c5bf0","code":"8a8d8b777ebfed903d3a","redirect_uri":"http://localhost:9005","state":"796958805"}
[debug] [2021-10-16T22:56:50.571Z] <<< HTTP RESPONSE 200 {"server":"GitHub.com","date":"Sat, 16 Oct 2021 22:56:50 GMT","content-type":"application/json; charset=utf-8","transfer-encoding":"chunked","vary":"X-PJAX, X-PJAX-Container, Accept-Encoding, Accept, X-Requested-With","permissions-policy":"interest-cohort=()","etag":"W/\"0f7dacdc020f85ab0a9d719376088164\"","cache-control":"max-age=0, private, must-revalidate","strict-transport-security":"max-age=31536000; includeSubdomains; preload","x-frame-options":"deny","x-content-type-options":"nosniff","x-xss-protection":"0","referrer-policy":"origin-when-cross-origin, strict-origin-when-cross-origin","expect-ct":"max-age=2592000, report-uri=\"https://api.github.com/_private/browser/errors\"","content-security-policy":"default-src 'none'; base-uri 'self'; block-all-mixed-content; child-src github.com/assets-cdn/worker/ gist.github.com/assets-cdn/worker/; connect-src 'self' uploads.github.com objects-origin.githubusercontent.com www.githubstatus.com collector.githubapp.com api.github.com github-cloud.s3.amazonaws.com github-production-repository-file-5c1aeb.s3.amazonaws.com github-production-upload-manifest-file-7fdce7.s3.amazonaws.com github-production-user-asset-6210df.s3.amazonaws.com cdn.optimizely.com logx.optimizely.com/v1/events translator.github.com wss://alive.github.com; font-src github.githubassets.com; form-action 'self' github.com gist.github.com objects-origin.githubusercontent.com; frame-ancestors 'none'; frame-src render.githubusercontent.com viewscreen.githubusercontent.com; img-src 'self' data: github.githubassets.com identicons.github.com collector.githubapp.com github-cloud.s3.amazonaws.com secured-user-images.githubusercontent.com/ *.githubusercontent.com; manifest-src 'self'; media-src github.com user-images.githubusercontent.com/; script-src github.githubassets.com; style-src 'unsafe-inline' github.githubassets.com; worker-src github.com/assets-cdn/worker/ gist.github.com/assets-cdn/worker/","x-github-request-id":"4A67:707E:2FC77F:60FF33:616B58B2"}
[debug] [2021-10-16T22:56:50.582Z] >>> [apiv2][query] GET https://api.github.com/user [none]
[debug] [2021-10-16T22:56:51.113Z] <<< [apiv2][status] GET https://api.github.com/user 200
[debug] [2021-10-16T22:56:51.113Z] <<< [apiv2][body] GET https://api.github.com/user {"login":"TimotijevicVlada","id":84339808,"node_id":"MDQ6VXNlcjg0MzM5ODA4","avatar_url":"https://avatars.githubusercontent.com/u/84339808?v=4","gravatar_id":"","url":"https://api.github.com/users/TimotijevicVlada","html_url":"https://github.com/TimotijevicVlada","followers_url":"https://api.github.com/users/TimotijevicVlada/followers","following_url":"https://api.github.com/users/TimotijevicVlada/following{/other_user}","gists_url":"https://api.github.com/users/TimotijevicVlada/gists{/gist_id}","starred_url":"https://api.github.com/users/TimotijevicVlada/starred{/owner}{/repo}","subscriptions_url":"https://api.github.com/users/TimotijevicVlada/subscriptions","organizations_url":"https://api.github.com/users/TimotijevicVlada/orgs","repos_url":"https://api.github.com/users/TimotijevicVlada/repos","events_url":"https://api.github.com/users/TimotijevicVlada/events{/privacy}","received_events_url":"https://api.github.com/users/TimotijevicVlada/received_events","type":"User","site_admin":false,"name":"Vladimir Timotijevic","company":null,"blog":"","location":"Belgrade, Serbia","email":null,"hireable":null,"bio":null,"twitter_username":null,"public_repos":19,"public_gists":0,"followers":1,"following":1,"created_at":"2021-05-17T16:16:10Z","updated_at":"2021-09-29T23:02:24Z","private_gists":0,"total_private_repos":0,"owned_private_repos":0,"disk_usage":86683,"collaborators":0,"two_factor_authentication":false,"plan":{"name":"free","space":976562499,"collaborators":0,"private_repos":10000}}
[info] 
[info] +  Success! Logged into GitHub as TimotijevicVlada 
[info] 
[debug] [2021-10-16T23:01:05.619Z] >>> [apiv2][query] GET https://api.github.com/repos/repository/actions/secrets/public-key type=owner
[debug] [2021-10-16T23:01:06.079Z] <<< [apiv2][status] GET https://api.github.com/repos/repository/actions/secrets/public-key 404
[debug] [2021-10-16T23:01:06.080Z] <<< [apiv2][body] GET https://api.github.com/repos/repository/actions/secrets/public-key {"message":"Not Found","documentation_url":"https://docs.github.com/rest"}
